<?xml version="1.0" encoding="UTF-8" ?>
<testsuite errors="0" failures="0" hostname="Daves-Mac.local" name="com.canoo.webtest.extension.NormalizeXmlFilterTest" skipped="0" tests="3" time="0.025" timestamp="2017-07-18T00:42:18">
  <properties>
[...]
</properties>
  <testcase classname="com.canoo.webtest.extension.NormalizeXmlFilterTest" name="testNormalizesContentHtml" time="0.011" />
  <testcase classname="com.canoo.webtest.extension.NormalizeXmlFilterTest" name="testNormalizesContentNoXML" time="0.003" />
  <testcase classname="com.canoo.webtest.extension.NormalizeXmlFilterTest" name="testNormalizesContentXML" time="0.008" />
  <system-out><![CDATA[]]></system-out>
  <system-err><![CDATA[]]></system-err>
</testsuite>
